                              1 ;--------------------------------------------------------
                              2 ; File Created by SDCC : free open source ANSI-C Compiler
                              3 ; Version 3.5.5 #9498 (CYGWIN)
                              4 ;--------------------------------------------------------
                              5 	.module main
                              6 	.optsdcc -mz80
                              7 	
                              8 ;--------------------------------------------------------
                              9 ; Public variables in this module
                             10 ;--------------------------------------------------------
                             11 	.globl _main
                             12 	.globl _initialize
                             13 	.globl _cpct_getScreenPtr
                             14 	.globl _cpct_setVideoMode
                             15 	.globl _cpct_drawStringM1
                             16 	.globl _cpct_memset
                             17 	.globl _cpct_disableFirmware
                             18 ;--------------------------------------------------------
                             19 ; special function registers
                             20 ;--------------------------------------------------------
                             21 ;--------------------------------------------------------
                             22 ; ram data
                             23 ;--------------------------------------------------------
                             24 	.area _DATA
                             25 ;--------------------------------------------------------
                             26 ; ram data
                             27 ;--------------------------------------------------------
                             28 	.area _INITIALIZED
                             29 ;--------------------------------------------------------
                             30 ; absolute external ram data
                             31 ;--------------------------------------------------------
                             32 	.area _DABS (ABS)
                             33 ;--------------------------------------------------------
                             34 ; global & static initialisations
                             35 ;--------------------------------------------------------
                             36 	.area _HOME
                             37 	.area _GSINIT
                             38 	.area _GSFINAL
                             39 	.area _GSINIT
                             40 ;--------------------------------------------------------
                             41 ; Home
                             42 ;--------------------------------------------------------
                             43 	.area _HOME
                             44 	.area _HOME
                             45 ;--------------------------------------------------------
                             46 ; code
                             47 ;--------------------------------------------------------
                             48 	.area _CODE
                             49 ;src/main.c:23: void initialize() {
                             50 ;	---------------------------------
                             51 ; Function initialize
                             52 ; ---------------------------------
   0000                      53 _initialize::
                             54 ;src/main.c:24: cpct_disableFirmware();
   0000 CDr00r00      [17]   55 	call	_cpct_disableFirmware
                             56 ;src/main.c:25: cpct_setVideoMode(0);
   0003 2E 00         [ 7]   57 	ld	l,#0x00
   0005 C3r00r00      [10]   58 	jp  _cpct_setVideoMode
                             59 ;src/main.c:46: void main(void) {
                             60 ;	---------------------------------
                             61 ; Function main
                             62 ; ---------------------------------
   0008                      63 _main::
                             64 ;src/main.c:50: cpct_memset(CPCT_VMEM_START, 0, 0x4000);
   0008 21 00 40      [10]   65 	ld	hl,#0x4000
   000B E5            [11]   66 	push	hl
   000C AF            [ 4]   67 	xor	a, a
   000D F5            [11]   68 	push	af
   000E 33            [ 6]   69 	inc	sp
   000F 26 C0         [ 7]   70 	ld	h, #0xC0
   0011 E5            [11]   71 	push	hl
   0012 CDr00r00      [17]   72 	call	_cpct_memset
                             73 ;src/main.c:53: pvmem = cpct_getScreenPtr(CPCT_VMEM_START, 20, 96);
   0015 21 14 60      [10]   74 	ld	hl,#0x6014
   0018 E5            [11]   75 	push	hl
   0019 21 00 C0      [10]   76 	ld	hl,#0xC000
   001C E5            [11]   77 	push	hl
   001D CDr00r00      [17]   78 	call	_cpct_getScreenPtr
   0020 4D            [ 4]   79 	ld	c,l
   0021 44            [ 4]   80 	ld	b,h
                             81 ;src/main.c:54: cpct_drawStringM1("Welcome to CPCtelera!", pvmem, 1, 0);
   0022 21 01 00      [10]   82 	ld	hl,#0x0001
   0025 E5            [11]   83 	push	hl
   0026 C5            [11]   84 	push	bc
   0027 21r35r00      [10]   85 	ld	hl,#___str_0
   002A E5            [11]   86 	push	hl
   002B CDr00r00      [17]   87 	call	_cpct_drawStringM1
   002E 21 06 00      [10]   88 	ld	hl,#6
   0031 39            [11]   89 	add	hl,sp
   0032 F9            [ 6]   90 	ld	sp,hl
                             91 ;src/main.c:57: while (1);
   0033                      92 00102$:
   0033 18 FE         [12]   93 	jr	00102$
   0035                      94 ___str_0:
   0035 57 65 6C 63 6F 6D    95 	.ascii "Welcome to CPCtelera!"
        65 20 74 6F 20 43
        50 43 74 65 6C 65
        72 61 21
   004A 00                   96 	.db 0x00
                             97 	.area _CODE
                             98 	.area _INITIALIZER
                             99 	.area _CABS (ABS)
